2025-05-20 12:43:12,995 - INFO - Application starting
2025-05-20 12:43:12,996 - INFO - Working directory: C:\Users\Sales\Pooltracker
2025-05-20 12:43:12,996 - INFO - Found image for Black: C:\Users\Sales\Pooltracker\images\Black Oak.jpg
2025-05-20 12:43:12,997 - INFO - Found image for Rustic Oak: C:\Users\Sales\Pooltracker\images\Rustic Oak.jpg
2025-05-20 12:43:12,997 - INFO - Found image for Grey Oak: C:\Users\Sales\Pooltracker\images\Grey Oak.jpg
2025-05-20 12:43:12,997 - INFO - Found image for Stone: C:\Users\Sales\Pooltracker\images\Stone.jpg
2025-05-20 12:43:14,088 - INFO - Updating top rail dashboard
2025-05-20 12:43:14,089 - WARNING - No inventory data available for dashboard update
2025-05-20 12:43:29,516 - INFO - Updating top rail dashboard
2025-05-20 12:43:29,516 - WARNING - No inventory data available for dashboard update
2025-05-20 12:43:45,840 - INFO - Updating top rail dashboard
2025-05-20 12:43:45,840 - WARNING - No inventory data available for dashboard update
2025-05-20 12:47:26,756 - ERROR - Failed to get inventory data
2025-05-20 12:47:27,921 - INFO - Updating top rail dashboard
2025-05-20 12:47:27,921 - WARNING - No inventory data available for dashboard update
2025-05-20 12:48:21,179 - ERROR - Failed to get inventory data
2025-05-20 12:48:28,708 - INFO - Updating top rail dashboard
2025-05-20 12:48:28,708 - WARNING - No inventory data available for dashboard update
2025-05-20 12:48:34,041 - INFO - Application starting
2025-05-20 12:48:34,042 - INFO - Working directory: C:\Users\Sales\Pooltracker
2025-05-20 12:48:34,043 - INFO - Found image for Black: C:\Users\Sales\Pooltracker\images\Black Oak.jpg
2025-05-20 12:48:34,043 - INFO - Found image for Rustic Oak: C:\Users\Sales\Pooltracker\images\Rustic Oak.jpg
2025-05-20 12:48:34,044 - INFO - Found image for Grey Oak: C:\Users\Sales\Pooltracker\images\Grey Oak.jpg
2025-05-20 12:48:34,044 - INFO - Found image for Stone: C:\Users\Sales\Pooltracker\images\Stone.jpg
2025-05-20 12:48:34,044 - INFO - Initialized API client for http://pooltabletracker.com
2025-05-20 12:48:35,194 - INFO - Testing connection to http://pooltabletracker.com/api/test
2025-05-20 12:48:35,620 - INFO - API test response: 404
2025-05-20 12:48:35,620 - ERROR - API error: <!doctype html>
<html lang=en>
<title>404 Not Found</title>
<h1>Not Found</h1>
<p>The requested URL was not found on the server. If you entered the URL manually please check your spelling and try again.</p>

2025-05-20 12:48:35,622 - INFO - Updating top rail dashboard
2025-05-20 12:48:35,622 - WARNING - No inventory data available for dashboard update
2025-05-20 12:50:16,175 - INFO - Application starting
2025-05-20 12:50:16,176 - INFO - Working directory: C:\Users\Sales\Pooltracker
2025-05-20 12:50:16,176 - INFO - Found image for Black: C:\Users\Sales\Pooltracker\images\Black Oak.jpg
2025-05-20 12:50:16,177 - INFO - Found image for Rustic Oak: C:\Users\Sales\Pooltracker\images\Rustic Oak.jpg
2025-05-20 12:50:16,177 - INFO - Found image for Grey Oak: C:\Users\Sales\Pooltracker\images\Grey Oak.jpg
2025-05-20 12:50:16,177 - INFO - Found image for Stone: C:\Users\Sales\Pooltracker\images\Stone.jpg
2025-05-20 12:50:16,178 - INFO - Initialized API client for http://pooltabletracker.com
2025-05-20 12:50:16,889 - INFO - Testing connection to http://pooltabletracker.com/v1/test
2025-05-20 12:50:17,291 - INFO - API test response: 404
2025-05-20 12:50:17,292 - ERROR - API error: <!doctype html>
<html lang=en>
<title>404 Not Found</title>
<h1>Not Found</h1>
<p>The requested URL was not found on the server. If you entered the URL manually please check your spelling and try again.</p>

2025-05-20 12:50:17,293 - INFO - Updating top rail dashboard
2025-05-20 12:50:17,293 - WARNING - No inventory data available for dashboard update
2025-05-20 12:51:48,226 - INFO - Application starting
2025-05-20 12:51:48,226 - INFO - Working directory: C:\Users\Sales\Pooltracker
2025-05-20 12:51:48,227 - INFO - Found image for Black: C:\Users\Sales\Pooltracker\images\Black Oak.jpg
2025-05-20 12:51:48,227 - INFO - Found image for Rustic Oak: C:\Users\Sales\Pooltracker\images\Rustic Oak.jpg
2025-05-20 12:51:48,228 - INFO - Found image for Grey Oak: C:\Users\Sales\Pooltracker\images\Grey Oak.jpg
2025-05-20 12:51:48,228 - INFO - Found image for Stone: C:\Users\Sales\Pooltracker\images\Stone.jpg
2025-05-20 12:51:48,229 - INFO - Initialized API client for http://pooltabletracker.com
2025-05-20 12:51:48,971 - INFO - Testing connection to http://pooltabletracker.com/test
2025-05-20 12:51:49,336 - INFO - API test response: 404
2025-05-20 12:51:49,336 - ERROR - API error: <!doctype html>
<html lang=en>
<title>404 Not Found</title>
<h1>Not Found</h1>
<p>The requested URL was not found on the server. If you entered the URL manually please check your spelling and try again.</p>

2025-05-20 12:51:49,337 - INFO - Updating top rail dashboard
2025-05-20 12:51:49,337 - WARNING - No inventory data available for dashboard update
2025-05-20 12:54:01,028 - INFO - Application starting
2025-05-20 12:54:01,028 - INFO - Working directory: C:\Users\Sales\Pooltracker
2025-05-20 12:54:01,029 - INFO - Found image for Black: C:\Users\Sales\Pooltracker\images\Black Oak.jpg
2025-05-20 12:54:01,029 - INFO - Found image for Rustic Oak: C:\Users\Sales\Pooltracker\images\Rustic Oak.jpg
2025-05-20 12:54:01,030 - INFO - Found image for Grey Oak: C:\Users\Sales\Pooltracker\images\Grey Oak.jpg
2025-05-20 12:54:01,030 - INFO - Found image for Stone: C:\Users\Sales\Pooltracker\images\Stone.jpg
2025-05-20 12:54:01,030 - INFO - Initialized API client for http://pooltabletracker.com
2025-05-20 12:54:02,141 - INFO - Testing connection to http://pooltabletracker.com/api/test
2025-05-20 12:54:02,568 - INFO - API test response: 404
2025-05-20 12:54:02,568 - ERROR - API error: <!doctype html>
<html lang=en>
<title>404 Not Found</title>
<h1>Not Found</h1>
<p>The requested URL was not found on the server. If you entered the URL manually please check your spelling and try again.</p>

2025-05-20 12:54:02,569 - INFO - Updating top rail dashboard
2025-05-20 12:54:02,569 - WARNING - No inventory data available for dashboard update
